[0608/103519.170:ERROR:process_info.cc(625)] range at 0x3cd228b400000000, size 0x3 fully unreadable
[0608/103519.171:ERROR:process_info.cc(625)] range at 0x3cd228d400000000, size 0x3 fully unreadable
[0608/103519.171:ERROR:process_info.cc(625)] range at 0x0, size 0x3 fully unreadable
[0608/103519.301:ERROR:file_io_win.cc(145)] CreateFile C:\Users\TOBI~1.FAG\AppData\Local\Temp\scoped_dir12220_21627\Crashpad\settings.dat: The system cannot find the path specified. (0x3)
[0608/103519.301:ERROR:file_io_win.cc(154)] CreateFile C:\Users\TOBI~1.FAG\AppData\Local\Temp\scoped_dir12220_21627\Crashpad\reports\0545b68f-134c-4c9f-b78f-ee416a0e5189.dmp: The system cannot find the path specified. (0x3)
[0608/103519.302:ERROR:crash_report_exception_handler.cc(95)] PrepareNewCrashReport failed
[1019/111130.643:ERROR:process_info.cc(329)] VirtualQueryEx: Access is denied. (0x5)
[1019/111130.652:ERROR:process_info.cc(550)] ReadMemoryInfo failed
[1019/111130.657:ERROR:process_reader_win.cc(151)] SuspendThread: Access is denied. (0x5)
[1019/111130.658:ERROR:exception_snapshot_win.cc(88)] thread ID 5232 not found in process
[1019/111130.658:ERROR:scoped_process_suspend.cc(40)] NtResumeProcess: An attempt was made to access an exiting process. (0xc000010a)
[1019/111727.255:ERROR:process_reader_win.cc(242)] ReadMemory at 0xf90000 of 64 bytes failed: Only part of a ReadProcessMemory or WriteProcessMemory request was completed. (0x12B)
[1019/111727.284:WARNING:pe_image_reader.cc(302)] could not read dos header from C:\Program Files\Google\Chrome\Application\chrome.exe
[1019/111727.286:ERROR:process_reader_win.cc(242)] ReadMemory at 0x74580000 of 64 bytes failed: Only part of a ReadProcessMemory or WriteProcessMemory request was completed. (0x12B)
[1019/111727.287:WARNING:pe_image_reader.cc(302)] could not read dos header from C:\WINDOWS\System32\bcryptPrimitives.dll
[1019/111727.287:ERROR:process_reader_win.cc(242)] ReadMemory at 0x745e0000 of 64 bytes failed: Only part of a ReadProcessMemory or WriteProcessMemory request was completed. (0x12B)
[1019/111727.287:WARNING:pe_image_reader.cc(302)] could not read dos header from C:\WINDOWS\System32\windows.storage.dll
[1019/111727.288:ERROR:process_reader_win.cc(242)] ReadMemory at 0x74450000 of 64 bytes failed: Only part of a ReadProcessMemory or WriteProcessMemory request was completed. (0x12B)
[1019/111727.288:WARNING:pe_image_reader.cc(302)] could not read dos header from C:\WINDOWS\System32\kernel.appcore.dll
[1019/111727.288:ERROR:process_reader_win.cc(242)] ReadMemory at 0x74430000 of 64 bytes failed: Only part of a ReadProcessMemory or WriteProcessMemory request was completed. (0x12B)
[1019/111727.288:WARNING:pe_image_reader.cc(302)] could not read dos header from C:\WINDOWS\System32\profapi.dll
[1019/111727.288:ERROR:process_reader_win.cc(242)] ReadMemory at 0x743e0000 of 64 bytes failed: Only part of a ReadProcessMemory or WriteProcessMemory request was completed. (0x12B)
[1019/111727.288:WARNING:pe_image_reader.cc(302)] could not read dos header from C:\WINDOWS\System32\powrprof.dll
[1019/111727.289:ERROR:process_reader_win.cc(242)] ReadMemory at 0x743c0000 of 64 bytes failed: Only part of a ReadProcessMemory or WriteProcessMemory request was completed. (0x12B)
[1019/111727.291:WARNING:pe_image_reader.cc(302)] could not read dos header from C:\WINDOWS\System32\FLTLIB.DLL
[1019/111727.291:ERROR:process_reader_win.cc(242)] ReadMemory at 0x63820000 of 64 bytes failed: Only part of a ReadProcessMemory or WriteProcessMemory request was completed. (0x12B)
[1019/111727.291:WARNING:pe_image_reader.cc(302)] could not read dos header from C:\Program Files\Google\Chrome\Application\69.0.3497.100\chrome_elf.dll
[1019/111727.291:ERROR:process_reader_win.cc(242)] ReadMemory at 0x6af80000 of 64 bytes failed: Only part of a ReadProcessMemory or WriteProcessMemory request was completed. (0x12B)
[1019/111727.291:WARNING:pe_image_reader.cc(302)] could not read dos header from C:\WINDOWS\SYSTEM32\VERSION.dll
[1019/111727.291:ERROR:process_reader_win.cc(242)] ReadMemory at 0x72680000 of 64 bytes failed: Only part of a ReadProcessMemory or WriteProcessMemory request was completed. (0x12B)
[1019/111727.307:WARNING:pe_image_reader.cc(302)] could not read dos header from C:\WINDOWS\SYSTEM32\WINMM.dll
[1019/111727.307:ERROR:process_reader_win.cc(242)] ReadMemory at 0x742d0000 of 64 bytes failed: Only part of a ReadProcessMemory or WriteProcessMemory request was completed. (0x12B)
[1019/111727.307:WARNING:pe_image_reader.cc(302)] could not read dos header from C:\WINDOWS\SYSTEM32\USERENV.dll
[1019/111727.308:ERROR:process_reader_win.cc(242)] ReadMemory at 0x6d120000 of 64 bytes failed: Only part of a ReadProcessMemory or WriteProcessMemory request was completed. (0x12B)
[1019/111727.308:WARNING:pe_image_reader.cc(302)] could not read dos header from C:\WINDOWS\SYSTEM32\WINHTTP.dll
[1019/111727.308:ERROR:process_reader_win.cc(242)] ReadMemory at 0x72650000 of 64 bytes failed: Only part of a ReadProcessMemory or WriteProcessMemory request was completed. (0x12B)
[1019/111727.308:WARNING:pe_image_reader.cc(302)] could not read dos header from C:\WINDOWS\SYSTEM32\WINMMBASE.dll
[1019/111727.308:ERROR:process_reader_win.cc(242)] ReadMemory at 0x73ef0000 of 64 bytes failed: Only part of a ReadProcessMemory or WriteProcessMemory request was completed. (0x12B)
[1019/111727.308:WARNING:pe_image_reader.cc(302)] could not read dos header from C:\WINDOWS\SYSTEM32\CRYPTBASE.DLL
[1019/111727.308:ERROR:process_reader_win.cc(242)] ReadMemory at 0x773d0000 of 64 bytes failed: Only part of a ReadProcessMemory or WriteProcessMemory request was completed. (0x12B)
[1019/111727.308:WARNING:pe_image_reader.cc(302)] could not read dos header from C:\WINDOWS\System32\IMM32.DLL
[1019/111727.308:ERROR:process_reader_win.cc(242)] ReadMemory at 0xf950000 of 64 bytes failed: Only part of a ReadProcessMemory or WriteProcessMemory request was completed. (0x12B)
[1019/111727.308:WARNING:pe_image_reader.cc(302)] could not read dos header from C:\Program Files\Google\Chrome\Application\69.0.3497.100\chrome_child.dll
[1019/111727.308:ERROR:process_reader_win.cc(242)] ReadMemory at 0x77360000 of 64 bytes failed: Only part of a ReadProcessMemory or WriteProcessMemory request was completed. (0x12B)
[1019/111727.309:WARNING:pe_image_reader.cc(302)] could not read dos header from C:\WINDOWS\System32\WS2_32.dll
[1019/111727.309:ERROR:process_reader_win.cc(242)] ReadMemory at 0x75750000 of 64 bytes failed: Only part of a ReadProcessMemory or WriteProcessMemory request was completed. (0x12B)
[1019/111727.309:WARNING:pe_image_reader.cc(302)] could not read dos header from C:\WINDOWS\System32\ole32.dll
[1019/111727.309:ERROR:process_reader_win.cc(242)] ReadMemory at 0x76df0000 of 64 bytes failed: Only part of a ReadProcessMemory or WriteProcessMemory request was completed. (0x12B)
[1019/111727.309:WARNING:pe_image_reader.cc(302)] could not read dos header from C:\WINDOWS\System32\OLEAUT32.dll
[1019/111727.309:ERROR:process_reader_win.cc(242)] ReadMemory at 0x74ba0000 of 64 bytes failed: Only part of a ReadProcessMemory or WriteProcessMemory request was completed. (0x12B)
[1019/111727.309:WARNING:pe_image_reader.cc(302)] could not read dos header from C:\WINDOWS\System32\WINTRUST.dll
[1019/111727.309:ERROR:process_reader_win.cc(242)] ReadMemory at 0x743d0000 of 64 bytes failed: Only part of a ReadProcessMemory or WriteProcessMemory request was completed. (0x12B)
[1019/111727.309:WARNING:pe_image_reader.cc(302)] could not read dos header from C:\WINDOWS\System32\MSASN1.dll
[1019/111727.309:ERROR:process_reader_win.cc(242)] ReadMemory at 0x74c70000 of 64 bytes failed: Only part of a ReadProcessMemory or WriteProcessMemory request was completed. (0x12B)
[1019/111727.309:WARNING:pe_image_reader.cc(302)] could not read dos header from C:\WINDOWS\System32\CRYPT32.dll
[1019/111727.309:ERROR:process_reader_win.cc(242)] ReadMemory at 0x76c70000 of 64 bytes failed: Only part of a ReadProcessMemory or WriteProcessMemory request was completed. (0x12B)
[1019/111727.309:WARNING:pe_image_reader.cc(302)] could not read dos header from C:\WINDOWS\System32\COMDLG32.dll
[1019/111727.310:ERROR:process_reader_win.cc(242)] ReadMemory at 0x73b40000 of 64 bytes failed: Only part of a ReadProcessMemory or WriteProcessMemory request was completed. (0x12B)
[1019/111727.310:WARNING:pe_image_reader.cc(302)] could not read dos header from C:\WINDOWS\SYSTEM32\IPHLPAPI.DLL
[1019/111727.310:ERROR:process_reader_win.cc(242)] ReadMemory at 0x6c6d0000 of 64 bytes failed: Only part of a ReadProcessMemory or WriteProcessMemory request was completed. (0x12B)
[1019/111727.310:WARNING:pe_image_reader.cc(302)] could not read dos header from C:\WINDOWS\SYSTEM32\msdmo.dll
[1019/111727.310:ERROR:process_reader_win.cc(242)] ReadMemory at 0x6bf10000 of 64 bytes failed: Only part of a ReadProcessMemory or WriteProcessMemory request was completed. (0x12B)
[1019/111727.310:WARNING:pe_image_reader.cc(302)] could not read dos header from C:\WINDOWS\WinSxS\x86_microsoft.windows.common-controls_6595b64144ccf1df_6.0.17134.345_none_42efd13044e18c5e\COMCTL32.dll
[1019/111727.310:ERROR:process_reader_win.cc(242)] ReadMemory at 0x69100000 of 64 bytes failed: Only part of a ReadProcessMemory or WriteProcessMemory request was completed. (0x12B)
[1019/111727.310:WARNING:pe_image_reader.cc(302)] could not read dos header from C:\WINDOWS\SYSTEM32\DWrite.dll
[1019/111727.310:ERROR:process_reader_win.cc(242)] ReadMemory at 0x6bea0000 of 64 bytes failed: Only part of a ReadProcessMemory or WriteProcessMemory request was completed. (0x12B)
[1019/111727.310:WARNING:pe_image_reader.cc(302)] could not read dos header from C:\WINDOWS\SYSTEM32\WINSPOOL.DRV
[1019/111727.310:ERROR:process_reader_win.cc(242)] ReadMemory at 0x66bf0000 of 64 bytes failed: Only part of a ReadProcessMemory or WriteProcessMemory request was completed. (0x12B)
[1019/111727.311:WARNING:pe_image_reader.cc(302)] could not read dos header from C:\WINDOWS\SYSTEM32\dbghelp.dll
[1019/111727.311:ERROR:process_reader_win.cc(242)] ReadMemory at 0x6b500000 of 64 bytes failed: Only part of a ReadProcessMemory or WriteProcessMemory request was completed. (0x12B)
[1019/111727.311:WARNING:pe_image_reader.cc(302)] could not read dos header from C:\WINDOWS\SYSTEM32\USP10.dll
[1019/111727.311:ERROR:process_reader_win.cc(242)] ReadMemory at 0x73470000 of 64 bytes failed: Only part of a ReadProcessMemory or WriteProcessMemory request was completed. (0x12B)
[1019/111727.311:WARNING:pe_image_reader.cc(302)] could not read dos header from C:\WINDOWS\SYSTEM32\dxgi.dll
[1019/111727.311:ERROR:process_reader_win.cc(242)] ReadMemory at 0x6cd80000 of 64 bytes failed: Only part of a ReadProcessMemory or WriteProcessMemory request was completed. (0x12B)
[1019/111727.312:WARNING:pe_image_reader.cc(302)] could not read dos header from C:\WINDOWS\SYSTEM32\urlmon.dll
[1019/111727.312:ERROR:process_reader_win.cc(242)] ReadMemory at 0x60f50000 of 64 bytes failed: Only part of a ReadProcessMemory or WriteProcessMemory request was completed. (0x12B)
[1019/111727.312:WARNING:pe_image_reader.cc(302)] could not read dos header from C:\WINDOWS\SYSTEM32\Secur32.dll
[1019/111727.312:ERROR:process_reader_win.cc(242)] ReadMemory at 0x6de50000 of 64 bytes failed: Only part of a ReadProcessMemory or WriteProcessMemory request was completed. (0x12B)
[1019/111727.312:WARNING:pe_image_reader.cc(302)] could not read dos header from C:\WINDOWS\SYSTEM32\dhcpcsvc.DLL
[1019/111727.312:ERROR:process_reader_win.cc(242)] ReadMemory at 0x75740000 of 64 bytes failed: Only part of a ReadProcessMemory or WriteProcessMemory request was completed. (0x12B)
[1019/111727.312:WARNING:pe_image_reader.cc(302)] could not read dos header from C:\WINDOWS\System32\NSI.dll
[1019/111727.312:ERROR:process_reader_win.cc(242)] ReadMemory at 0x71720000 of 64 bytes failed: Only part of a ReadProcessMemory or WriteProcessMemory request was completed. (0x12B)
[1019/111727.312:WARNING:pe_image_reader.cc(302)] could not read dos header from C:\WINDOWS\SYSTEM32\PROPSYS.dll
[1019/111727.312:ERROR:process_reader_win.cc(242)] ReadMemory at 0x73fd0000 of 64 bytes failed: Only part of a ReadProcessMemory or WriteProcessMemory request was completed. (0x12B)
[1019/111727.312:WARNING:pe_image_reader.cc(302)] could not read dos header from C:\WINDOWS\SYSTEM32\bcrypt.dll
[1019/111727.313:ERROR:process_reader_win.cc(242)] ReadMemory at 0x6cb00000 of 64 bytes failed: Only part of a ReadProcessMemory or WriteProcessMemory request was completed. (0x12B)
[1019/111727.313:WARNING:pe_image_reader.cc(302)] could not read dos header from C:\WINDOWS\SYSTEM32\iertutil.dll
[1019/111727.313:ERROR:process_reader_win.cc(242)] ReadMemory at 0x74300000 of 64 bytes failed: Only part of a ReadProcessMemory or WriteProcessMemory request was completed. (0x12B)
[1019/111727.313:WARNING:pe_image_reader.cc(302)] could not read dos header from C:\WINDOWS\SYSTEM32\SSPICLI.DLL
[1019/111727.355:ERROR:process_reader_win.cc(242)] ReadMemory at 0x6f6000 of 40960 bytes failed: Only part of a ReadProcessMemory or WriteProcessMemory request was completed. (0x12B)
[1019/111727.355:ERROR:process_reader_win.cc(242)] ReadMemory at 0x344f000 of 4096 bytes failed: Only part of a ReadProcessMemory or WriteProcessMemory request was completed. (0x12B)
[1019/111727.356:ERROR:process_reader_win.cc(242)] ReadMemory at 0x556f000 of 4096 bytes failed: Only part of a ReadProcessMemory or WriteProcessMemory request was completed. (0x12B)
[1019/111727.356:ERROR:process_reader_win.cc(242)] ReadMemory at 0x566e000 of 8192 bytes failed: Only part of a ReadProcessMemory or WriteProcessMemory request was completed. (0x12B)
[1019/111727.356:ERROR:process_reader_win.cc(242)] ReadMemory at 0x576e000 of 8192 bytes failed: Only part of a ReadProcessMemory or WriteProcessMemory request was completed. (0x12B)
[1019/111727.356:ERROR:process_reader_win.cc(242)] ReadMemory at 0x586e000 of 8192 bytes failed: Only part of a ReadProcessMemory or WriteProcessMemory request was completed. (0x12B)
[1019/111727.356:ERROR:process_reader_win.cc(242)] ReadMemory at 0x596f000 of 4096 bytes failed: Only part of a ReadProcessMemory or WriteProcessMemory request was completed. (0x12B)
[1019/111727.357:ERROR:process_reader_win.cc(242)] ReadMemory at 0x5a6e000 of 8192 bytes failed: Only part of a ReadProcessMemory or WriteProcessMemory request was completed. (0x12B)
[1019/111727.357:ERROR:process_reader_win.cc(242)] ReadMemory at 0x5b6f000 of 4096 bytes failed: Only part of a ReadProcessMemory or WriteProcessMemory request was completed. (0x12B)
[1019/111727.357:ERROR:process_reader_win.cc(242)] ReadMemory at 0x5c6e000 of 8192 bytes failed: Only part of a ReadProcessMemory or WriteProcessMemory request was completed. (0x12B)
[1019/111727.357:ERROR:process_reader_win.cc(242)] ReadMemory at 0x64fd000 of 12288 bytes failed: Only part of a ReadProcessMemory or WriteProcessMemory request was completed. (0x12B)
[1019/111727.358:ERROR:process_reader_win.cc(242)] ReadMemory at 0x6dfa000 of 24576 bytes failed: Only part of a ReadProcessMemory or WriteProcessMemory request was completed. (0x12B)
[1019/111727.358:ERROR:process_reader_win.cc(242)] ReadMemory at 0x6eec000 of 81920 bytes failed: Only part of a ReadProcessMemory or WriteProcessMemory request was completed. (0x12B)
[1019/111727.359:ERROR:process_reader_win.cc(242)] ReadMemory at 0x6fff000 of 4096 bytes failed: Only part of a ReadProcessMemory or WriteProcessMemory request was completed. (0x12B)
[1019/111727.359:ERROR:process_reader_win.cc(242)] ReadMemory at 0x817e000 of 8192 bytes failed: Only part of a ReadProcessMemory or WriteProcessMemory request was completed. (0x12B)
[1019/111727.359:ERROR:process_reader_win.cc(242)] ReadMemory at 0xa527000 of 36864 bytes failed: Only part of a ReadProcessMemory or WriteProcessMemory request was completed. (0x12B)
[1019/111727.359:ERROR:process_reader_win.cc(242)] ReadMemory at 0xb7ae000 of 8192 bytes failed: Only part of a ReadProcessMemory or WriteProcessMemory request was completed. (0x12B)
[1019/111727.359:ERROR:process_reader_win.cc(242)] ReadMemory at 0x57f000 of 560 bytes failed: Only part of a ReadProcessMemory or WriteProcessMemory request was completed. (0x12B)
[1019/111727.360:ERROR:process_reader_win.cc(242)] ReadMemory at 0x580000 of 3992 bytes failed: Only part of a ReadProcessMemory or WriteProcessMemory request was completed. (0x12B)
[1019/111727.360:ERROR:process_reader_win.cc(242)] ReadMemory at 0x581000 of 3992 bytes failed: Only part of a ReadProcessMemory or WriteProcessMemory request was completed. (0x12B)
[1019/111727.360:ERROR:process_reader_win.cc(242)] ReadMemory at 0x582000 of 3992 bytes failed: Only part of a ReadProcessMemory or WriteProcessMemory request was completed. (0x12B)
[1019/111727.360:ERROR:process_reader_win.cc(242)] ReadMemory at 0x583000 of 3992 bytes failed: Only part of a ReadProcessMemory or WriteProcessMemory request was completed. (0x12B)
[1019/111727.360:ERROR:process_reader_win.cc(242)] ReadMemory at 0x584000 of 3992 bytes failed: Only part of a ReadProcessMemory or WriteProcessMemory request was completed. (0x12B)
[1019/111727.361:ERROR:process_reader_win.cc(242)] ReadMemory at 0x585000 of 3992 bytes failed: Only part of a ReadProcessMemory or WriteProcessMemory request was completed. (0x12B)
[1019/111727.361:ERROR:process_reader_win.cc(242)] ReadMemory at 0x586000 of 3992 bytes failed: Only part of a ReadProcessMemory or WriteProcessMemory request was completed. (0x12B)
[1019/111727.361:ERROR:process_reader_win.cc(242)] ReadMemory at 0x587000 of 3992 bytes failed: Only part of a ReadProcessMemory or WriteProcessMemory request was completed. (0x12B)
[1019/111727.361:ERROR:process_reader_win.cc(242)] ReadMemory at 0x588000 of 3992 bytes failed: Only part of a ReadProcessMemory or WriteProcessMemory request was completed. (0x12B)
[1019/111727.361:ERROR:process_reader_win.cc(242)] ReadMemory at 0x589000 of 3992 bytes failed: Only part of a ReadProcessMemory or WriteProcessMemory request was completed. (0x12B)
[1019/111727.362:ERROR:process_reader_win.cc(242)] ReadMemory at 0x58a000 of 3992 bytes failed: Only part of a ReadProcessMemory or WriteProcessMemory request was completed. (0x12B)
[1019/111727.362:ERROR:process_reader_win.cc(242)] ReadMemory at 0x58b000 of 3992 bytes failed: Only part of a ReadProcessMemory or WriteProcessMemory request was completed. (0x12B)
[1019/111727.362:ERROR:process_reader_win.cc(242)] ReadMemory at 0x58c000 of 3992 bytes failed: Only part of a ReadProcessMemory or WriteProcessMemory request was completed. (0x12B)
[1019/111727.362:ERROR:process_reader_win.cc(242)] ReadMemory at 0x58d000 of 3992 bytes failed: Only part of a ReadProcessMemory or WriteProcessMemory request was completed. (0x12B)
[1019/111727.362:ERROR:process_reader_win.cc(242)] ReadMemory at 0x58e000 of 3992 bytes failed: Only part of a ReadProcessMemory or WriteProcessMemory request was completed. (0x12B)
[1019/111727.362:ERROR:process_reader_win.cc(242)] ReadMemory at 0x58f000 of 3992 bytes failed: Only part of a ReadProcessMemory or WriteProcessMemory request was completed. (0x12B)
[1019/111727.362:ERROR:process_reader_win.cc(242)] ReadMemory at 0x590000 of 3992 bytes failed: Only part of a ReadProcessMemory or WriteProcessMemory request was completed. (0x12B)
[1019/111727.362:ERROR:process_reader_win.cc(242)] ReadMemory at 0x32504a0 of 62 bytes failed: Only part of a ReadProcessMemory or WriteProcessMemory request was completed. (0x12B)
[1019/111727.362:ERROR:process_reader_win.cc(242)] ReadMemory at 0x3250500 of 146 bytes failed: Only part of a ReadProcessMemory or WriteProcessMemory request was completed. (0x12B)
[1019/111727.362:ERROR:process_reader_win.cc(242)] ReadMemory at 0x3250730 of 512 bytes failed: Only part of a ReadProcessMemory or WriteProcessMemory request was completed. (0x12B)
[1019/111727.362:ERROR:process_reader_win.cc(242)] ReadMemory at 0x3250ae0 of 3864 bytes failed: Only part of a ReadProcessMemory or WriteProcessMemory request was completed. (0x12B)
[1019/111727.362:ERROR:process_reader_win.cc(242)] ReadMemory at 0x3251a00 of 660 bytes failed: Only part of a ReadProcessMemory or WriteProcessMemory request was completed. (0x12B)
[1019/111727.362:ERROR:process_reader_win.cc(242)] ReadMemory at 0x3251eac of 106 bytes failed: Only part of a ReadProcessMemory or WriteProcessMemory request was completed. (0x12B)
[1019/111727.362:ERROR:process_reader_win.cc(242)] ReadMemory at 0x3251f18 of 1338 bytes failed: Only part of a ReadProcessMemory or WriteProcessMemory request was completed. (0x12B)
[1019/111727.362:ERROR:process_reader_win.cc(242)] ReadMemory at 0x3252454 of 106 bytes failed: Only part of a ReadProcessMemory or WriteProcessMemory request was completed. (0x12B)
[1019/111727.362:ERROR:process_reader_win.cc(242)] ReadMemory at 0x32524c0 of 94 bytes failed: Only part of a ReadProcessMemory or WriteProcessMemory request was completed. (0x12B)
[1019/111727.362:ERROR:process_reader_win.cc(242)] ReadMemory at 0x3252530 of 58 bytes failed: Only part of a ReadProcessMemory or WriteProcessMemory request was completed. (0x12B)
[1019/111727.362:ERROR:process_reader_win.cc(242)] ReadMemory at 0x3252620 of 72 bytes failed: Only part of a ReadProcessMemory or WriteProcessMemory request was completed. (0x12B)
[1019/111727.362:ERROR:process_reader_win.cc(242)] ReadMemory at 0x3252708 of 72 bytes failed: Only part of a ReadProcessMemory or WriteProcessMemory request was completed. (0x12B)
[1019/111727.362:ERROR:process_reader_win.cc(242)] ReadMemory at 0x3252808 of 114 bytes failed: Only part of a ReadProcessMemory or WriteProcessMemory request was completed. (0x12B)
[1019/111727.362:ERROR:process_reader_win.cc(242)] ReadMemory at 0x3252ae0 of 62 bytes failed: Only part of a ReadProcessMemory or WriteProcessMemory request was completed. (0x12B)
[1019/111727.362:ERROR:process_reader_win.cc(242)] ReadMemory at 0x3252b38 of 72 bytes failed: Only part of a ReadProcessMemory or WriteProcessMemory request was completed. (0x12B)
[1019/111727.362:ERROR:process_reader_win.cc(242)] ReadMemory at 0x3252c20 of 64 bytes failed: Only part of a ReadProcessMemory or WriteProcessMemory request was completed. (0x12B)
[1019/111727.362:ERROR:process_reader_win.cc(242)] ReadMemory at 0x3252d28 of 72 bytes failed: Only part of a ReadProcessMemory or WriteProcessMemory request was completed. (0x12B)
[1019/111727.362:ERROR:process_reader_win.cc(242)] ReadMemory at 0x3252e90 of 72 bytes failed: Only part of a ReadProcessMemory or WriteProcessMemory request was completed. (0x12B)
[1019/111727.362:ERROR:process_reader_win.cc(242)] ReadMemory at 0x3252f78 of 68 bytes failed: Only part of a ReadProcessMemory or WriteProcessMemory request was completed. (0x12B)
[1019/111727.362:ERROR:process_reader_win.cc(242)] ReadMemory at 0x3255a58 of 72 bytes failed: Only part of a ReadProcessMemory or WriteProcessMemory request was completed. (0x12B)
[1019/111727.362:ERROR:process_reader_win.cc(242)] ReadMemory at 0x3255b98 of 72 bytes failed: Only part of a ReadProcessMemory or WriteProcessMemory request was completed. (0x12B)
[1019/111727.362:ERROR:process_reader_win.cc(242)] ReadMemory at 0x3255c48 of 62 bytes failed: Only part of a ReadProcessMemory or WriteProcessMemory request was completed. (0x12B)
[1019/111727.362:ERROR:process_reader_win.cc(242)] ReadMemory at 0x3255e88 of 72 bytes failed: Only part of a ReadProcessMemory or WriteProcessMemory request was completed. (0x12B)
[1019/111727.362:ERROR:process_reader_win.cc(242)] ReadMemory at 0x3255f70 of 60 bytes failed: Only part of a ReadProcessMemory or WriteProcessMemory request was completed. (0x12B)
[1019/111727.362:ERROR:process_reader_win.cc(242)] ReadMemory at 0x3257428 of 72 bytes failed: Only part of a ReadProcessMemory or WriteProcessMemory request was completed. (0x12B)
[1019/111727.366:ERROR:process_reader_win.cc(242)] ReadMemory at 0x3257510 of 64 bytes failed: Only part of a ReadProcessMemory or WriteProcessMemory request was completed. (0x12B)
[1019/111727.366:ERROR:process_reader_win.cc(242)] ReadMemory at 0x32576b0 of 72 bytes failed: Only part of a ReadProcessMemory or WriteProcessMemory request was completed. (0x12B)
[1019/111727.366:ERROR:process_reader_win.cc(242)] ReadMemory at 0x3257798 of 64 bytes failed: Only part of a ReadProcessMemory or WriteProcessMemory request was completed. (0x12B)
[1019/111727.366:ERROR:process_reader_win.cc(242)] ReadMemory at 0x3257928 of 72 bytes failed: Only part of a ReadProcessMemory or WriteProcessMemory request was completed. (0x12B)
[1019/111727.366:ERROR:process_reader_win.cc(242)] ReadMemory at 0x3257a10 of 60 bytes failed: Only part of a ReadProcessMemory or WriteProcessMemory request was completed. (0x12B)
[1019/111727.366:ERROR:process_reader_win.cc(242)] ReadMemory at 0x3257be0 of 72 bytes failed: Only part of a ReadProcessMemory or WriteProcessMemory request was completed. (0x12B)
[1019/111727.366:ERROR:process_reader_win.cc(242)] ReadMemory at 0x3257cc8 of 60 bytes failed: Only part of a ReadProcessMemory or WriteProcessMemory request was completed. (0x12B)
[1019/111727.367:ERROR:process_reader_win.cc(242)] ReadMemory at 0x3257e30 of 72 bytes failed: Only part of a ReadProcessMemory or WriteProcessMemory request was completed. (0x12B)
[1019/111727.367:ERROR:process_reader_win.cc(242)] ReadMemory at 0x325b520 of 72 bytes failed: Only part of a ReadProcessMemory or WriteProcessMemory request was completed. (0x12B)
[1019/111727.367:ERROR:process_reader_win.cc(242)] ReadMemory at 0x325b608 of 80 bytes failed: Only part of a ReadProcessMemory or WriteProcessMemory request was completed. (0x12B)
[1019/111727.367:ERROR:process_reader_win.cc(242)] ReadMemory at 0x325bb38 of 72 bytes failed: Only part of a ReadProcessMemory or WriteProcessMemory request was completed. (0x12B)
[1019/111727.367:ERROR:process_reader_win.cc(242)] ReadMemory at 0x325bbe8 of 78 bytes failed: Only part of a ReadProcessMemory or WriteProcessMemory request was completed. (0x12B)
[1019/111727.367:ERROR:process_reader_win.cc(242)] ReadMemory at 0x325be48 of 72 bytes failed: Only part of a ReadProcessMemory or WriteProcessMemory request was completed. (0x12B)
[1019/111727.367:ERROR:process_reader_win.cc(242)] ReadMemory at 0x325bef8 of 64 bytes failed: Only part of a ReadProcessMemory or WriteProcessMemory request was completed. (0x12B)
[1019/111727.367:ERROR:process_reader_win.cc(242)] ReadMemory at 0x325c090 of 72 bytes failed: Only part of a ReadProcessMemory or WriteProcessMemory request was completed. (0x12B)
[1019/111727.368:ERROR:process_reader_win.cc(242)] ReadMemory at 0x325c140 of 62 bytes failed: Only part of a ReadProcessMemory or WriteProcessMemory request was completed. (0x12B)
[1019/111727.368:ERROR:process_reader_win.cc(242)] ReadMemory at 0x325c188 of 242 bytes failed: Only part of a ReadProcessMemory or WriteProcessMemory request was completed. (0x12B)
[1019/111727.368:ERROR:process_reader_win.cc(242)] ReadMemory at 0x325c2d0 of 72 bytes failed: Only part of a ReadProcessMemory or WriteProcessMemory request was completed. (0x12B)
[1019/111727.368:ERROR:process_reader_win.cc(242)] ReadMemory at 0x325c380 of 72 bytes failed: Only part of a ReadProcessMemory or WriteProcessMemory request was completed. (0x12B)
[1019/111727.368:ERROR:process_reader_win.cc(242)] ReadMemory at 0x325c430 of 72 bytes failed: Only part of a ReadProcessMemory or WriteProcessMemory request was completed. (0x12B)
[1019/111727.368:ERROR:process_reader_win.cc(242)] ReadMemory at 0x325c4e0 of 72 bytes failed: Only part of a ReadProcessMemory or WriteProcessMemory request was completed. (0x12B)
[1019/111727.368:ERROR:process_reader_win.cc(242)] ReadMemory at 0x325c590 of 72 bytes failed: Only part of a ReadProcessMemory or WriteProcessMemory request was completed. (0x12B)
[1019/111727.369:ERROR:process_reader_win.cc(242)] ReadMemory at 0x325c640 of 72 bytes failed: Only part of a ReadProcessMemory or WriteProcessMemory request was completed. (0x12B)
[1019/111727.369:ERROR:process_reader_win.cc(242)] ReadMemory at 0x325c6f0 of 72 bytes failed: Only part of a ReadProcessMemory or WriteProcessMemory request was completed. (0x12B)
[1019/111727.369:ERROR:process_reader_win.cc(242)] ReadMemory at 0x325c7a0 of 72 bytes failed: Only part of a ReadProcessMemory or WriteProcessMemory request was completed. (0x12B)
[1019/111727.369:ERROR:process_reader_win.cc(242)] ReadMemory at 0x325c850 of 72 bytes failed: Only part of a ReadProcessMemory or WriteProcessMemory request was completed. (0x12B)
[1019/111727.369:ERROR:process_reader_win.cc(242)] ReadMemory at 0x325c9b0 of 72 bytes failed: Only part of a ReadProcessMemory or WriteProcessMemory request was completed. (0x12B)
[1019/111727.369:ERROR:process_reader_win.cc(242)] ReadMemory at 0x325ca60 of 72 bytes failed: Only part of a ReadProcessMemory or WriteProcessMemory request was completed. (0x12B)
[1019/111727.370:ERROR:process_reader_win.cc(242)] ReadMemory at 0x325cb10 of 72 bytes failed: Only part of a ReadProcessMemory or WriteProcessMemory request was completed. (0x12B)
[1019/111727.370:ERROR:process_reader_win.cc(242)] ReadMemory at 0x325cbc0 of 72 bytes failed: Only part of a ReadProcessMemory or WriteProcessMemory request was completed. (0x12B)
[1019/111727.370:ERROR:process_reader_win.cc(242)] ReadMemory at 0x325cc70 of 72 bytes failed: Only part of a ReadProcessMemory or WriteProcessMemory request was completed. (0x12B)
[1019/111727.370:ERROR:process_reader_win.cc(242)] ReadMemory at 0x325cd20 of 72 bytes failed: Only part of a ReadProcessMemory or WriteProcessMemory request was completed. (0x12B)
[1019/111727.370:ERROR:process_reader_win.cc(242)] ReadMemory at 0x325cdd0 of 72 bytes failed: Only part of a ReadProcessMemory or WriteProcessMemory request was completed. (0x12B)
[1019/111727.371:ERROR:process_reader_win.cc(242)] ReadMemory at 0x325ce80 of 72 bytes failed: Only part of a ReadProcessMemory or WriteProcessMemory request was completed. (0x12B)
[1019/111727.371:ERROR:process_reader_win.cc(242)] ReadMemory at 0x325cf30 of 72 bytes failed: Only part of a ReadProcessMemory or WriteProcessMemory request was completed. (0x12B)
[1019/111727.371:ERROR:process_reader_win.cc(242)] ReadMemory at 0x325cfe0 of 72 bytes failed: Only part of a ReadProcessMemory or WriteProcessMemory request was completed. (0x12B)
[1019/111727.371:ERROR:process_reader_win.cc(242)] ReadMemory at 0x325d090 of 72 bytes failed: Only part of a ReadProcessMemory or WriteProcessMemory request was completed. (0x12B)
[1019/111727.371:ERROR:process_reader_win.cc(242)] ReadMemory at 0x325d140 of 72 bytes failed: Only part of a ReadProcessMemory or WriteProcessMemory request was completed. (0x12B)
[1019/111727.371:ERROR:process_reader_win.cc(242)] ReadMemory at 0x325d1f0 of 72 bytes failed: Only part of a ReadProcessMemory or WriteProcessMemory request was completed. (0x12B)
[1019/111727.371:ERROR:process_reader_win.cc(242)] ReadMemory at 0x325d2b0 of 62 bytes failed: Only part of a ReadProcessMemory or WriteProcessMemory request was completed. (0x12B)
[1019/111727.371:ERROR:process_reader_win.cc(242)] ReadMemory at 0x325d440 of 58 bytes failed: Only part of a ReadProcessMemory or WriteProcessMemory request was completed. (0x12B)
[1019/111727.371:ERROR:process_reader_win.cc(242)] ReadMemory at 0x325d540 of 66 bytes failed: Only part of a ReadProcessMemory or WriteProcessMemory request was completed. (0x12B)
[1019/111727.372:ERROR:process_reader_win.cc(242)] ReadMemory at 0x325d620 of 66 bytes failed: Only part of a ReadProcessMemory or WriteProcessMemory request was completed. (0x12B)
[1019/111727.372:ERROR:process_reader_win.cc(242)] ReadMemory at 0x325db78 of 60 bytes failed: Only part of a ReadProcessMemory or WriteProcessMemory request was completed. (0x12B)
[1019/111727.373:ERROR:process_reader_win.cc(242)] ReadMemory at 0x325dcf0 of 60 bytes failed: Only part of a ReadProcessMemory or WriteProcessMemory request was completed. (0x12B)
[1019/111727.373:ERROR:process_reader_win.cc(242)] ReadMemory at 0x325de00 of 76 bytes failed: Only part of a ReadProcessMemory or WriteProcessMemory request was completed. (0x12B)
[1019/111727.373:ERROR:process_reader_win.cc(242)] ReadMemory at 0x325df38 of 62 bytes failed: Only part of a ReadProcessMemory or WriteProcessMemory request was completed. (0x12B)
[1019/111727.373:ERROR:process_reader_win.cc(242)] ReadMemory at 0x325e0a8 of 64 bytes failed: Only part of a ReadProcessMemory or WriteProcessMemory request was completed. (0x12B)
[1019/111727.373:ERROR:process_reader_win.cc(242)] ReadMemory at 0x325e1c8 of 960 bytes failed: Only part of a ReadProcessMemory or WriteProcessMemory request was completed. (0x12B)
[1019/111727.373:ERROR:process_reader_win.cc(242)] ReadMemory at 0x325ecc8 of 58 bytes failed: Only part of a ReadProcessMemory or WriteProcessMemory request was completed. (0x12B)
[1019/111727.373:ERROR:process_reader_win.cc(242)] ReadMemory at 0x325edc8 of 142 bytes failed: Only part of a ReadProcessMemory or WriteProcessMemory request was completed. (0x12B)
[1019/111727.374:ERROR:process_reader_win.cc(242)] ReadMemory at 0x325f3f0 of 58 bytes failed: Only part of a ReadProcessMemory or WriteProcessMemory request was completed. (0x12B)
[1019/111727.374:ERROR:process_reader_win.cc(242)] ReadMemory at 0x325f438 of 62 bytes failed: Only part of a ReadProcessMemory or WriteProcessMemory request was completed. (0x12B)
[1019/111727.374:ERROR:process_reader_win.cc(242)] ReadMemory at 0x325f480 of 58 bytes failed: Only part of a ReadProcessMemory or WriteProcessMemory request was completed. (0x12B)
[1019/111727.374:ERROR:process_reader_win.cc(242)] ReadMemory at 0x325f4c8 of 60 bytes failed: Only part of a ReadProcessMemory or WriteProcessMemory request was completed. (0x12B)
[1019/111727.374:ERROR:process_reader_win.cc(242)] ReadMemory at 0x325f510 of 60 bytes failed: Only part of a ReadProcessMemory or WriteProcessMemory request was completed. (0x12B)
[1019/111727.374:ERROR:process_reader_win.cc(242)] ReadMemory at 0x325f5e8 of 58 bytes failed: Only part of a ReadProcessMemory or WriteProcessMemory request was completed. (0x12B)
[1019/111727.374:ERROR:process_reader_win.cc(242)] ReadMemory at 0x325f630 of 60 bytes failed: Only part of a ReadProcessMemory or WriteProcessMemory request was completed. (0x12B)
[1019/111727.374:ERROR:process_reader_win.cc(242)] ReadMemory at 0x325f6c0 of 62 bytes failed: Only part of a ReadProcessMemory or WriteProcessMemory request was completed. (0x12B)
[1019/111727.375:ERROR:process_reader_win.cc(242)] ReadMemory at 0x325f708 of 56 bytes failed: Only part of a ReadProcessMemory or WriteProcessMemory request was completed. (0x12B)
[1019/111727.375:ERROR:process_reader_win.cc(242)] ReadMemory at 0x325f750 of 62 bytes failed: Only part of a ReadProcessMemory or WriteProcessMemory request was completed. (0x12B)
[1019/111727.375:ERROR:process_reader_win.cc(242)] ReadMemory at 0x325f798 of 60 bytes failed: Only part of a ReadProcessMemory or WriteProcessMemory request was completed. (0x12B)
[1019/111727.375:ERROR:process_reader_win.cc(242)] ReadMemory at 0x325f7e0 of 58 bytes failed: Only part of a ReadProcessMemory or WriteProcessMemory request was completed. (0x12B)
[1019/111727.375:ERROR:process_reader_win.cc(242)] ReadMemory at 0x325f8b8 of 62 bytes failed: Only part of a ReadProcessMemory or WriteProcessMemory request was completed. (0x12B)
[1019/111727.375:ERROR:process_reader_win.cc(242)] ReadMemory at 0x325f900 of 60 bytes failed: Only part of a ReadProcessMemory or WriteProcessMemory request was completed. (0x12B)
[1019/111727.375:ERROR:process_reader_win.cc(242)] ReadMemory at 0x325f948 of 62 bytes failed: Only part of a ReadProcessMemory or WriteProcessMemory request was completed. (0x12B)
[1019/111727.375:ERROR:process_reader_win.cc(242)] ReadMemory at 0x325f990 of 62 bytes failed: Only part of a ReadProcessMemory or WriteProcessMemory request was completed. (0x12B)
[1019/111727.375:ERROR:process_reader_win.cc(242)] ReadMemory at 0x325fa68 of 62 bytes failed: Only part of a ReadProcessMemory or WriteProcessMemory request was completed. (0x12B)
[1019/111727.375:ERROR:process_reader_win.cc(242)] ReadMemory at 0x325fb88 of 58 bytes failed: Only part of a ReadProcessMemory or WriteProcessMemory request was completed. (0x12B)
[1019/111727.376:ERROR:process_reader_win.cc(242)] ReadMemory at 0x32615c8 of 66 bytes failed: Only part of a ReadProcessMemory or WriteProcessMemory request was completed. (0x12B)
[1019/111727.376:ERROR:process_reader_win.cc(242)] ReadMemory at 0x3261618 of 66 bytes failed: Only part of a ReadProcessMemory or WriteProcessMemory request was completed. (0x12B)
[1019/111727.376:ERROR:process_reader_win.cc(242)] ReadMemory at 0x326a7e8 of 54 bytes failed: Only part of a ReadProcessMemory or WriteProcessMemory request was completed. (0x12B)
[1019/111727.376:ERROR:process_reader_win.cc(242)] ReadMemory at 0x326b308 of 64 bytes failed: Only part of a ReadProcessMemory or WriteProcessMemory request was completed. (0x12B)
[1019/111727.376:ERROR:process_reader_win.cc(242)] ReadMemory at 0x326b358 of 64 bytes failed: Only part of a ReadProcessMemory or WriteProcessMemory request was completed. (0x12B)
[1019/111727.376:ERROR:process_reader_win.cc(242)] ReadMemory at 0x326b3a8 of 64 bytes failed: Only part of a ReadProcessMemory or WriteProcessMemory request was completed. (0x12B)
[1019/111727.376:ERROR:process_reader_win.cc(242)] ReadMemory at 0x326b4e8 of 64 bytes failed: Only part of a ReadProcessMemory or WriteProcessMemory request was completed. (0x12B)
[1019/111727.376:ERROR:process_reader_win.cc(242)] ReadMemory at 0x326b8a8 of 64 bytes failed: Only part of a ReadProcessMemory or WriteProcessMemory request was completed. (0x12B)
[1019/111727.376:ERROR:process_reader_win.cc(242)] ReadMemory at 0x326b8f8 of 64 bytes failed: Only part of a ReadProcessMemory or WriteProcessMemory request was completed. (0x12B)
[1019/111727.376:ERROR:process_reader_win.cc(242)] ReadMemory at 0x326b948 of 64 bytes failed: Only part of a ReadProcessMemory or WriteProcessMemory request was completed. (0x12B)
[1019/111727.377:ERROR:process_reader_win.cc(242)] ReadMemory at 0x326c7f0 of 72 bytes failed: Only part of a ReadProcessMemory or WriteProcessMemory request was completed. (0x12B)
[1019/111727.377:ERROR:process_reader_win.cc(242)] ReadMemory at 0x326c8a0 of 72 bytes failed: Only part of a ReadProcessMemory or WriteProcessMemory request was completed. (0x12B)
[1019/111727.377:ERROR:process_reader_win.cc(242)] ReadMemory at 0x326cab0 of 72 bytes failed: Only part of a ReadProcessMemory or WriteProcessMemory request was completed. (0x12B)
[1019/111727.377:ERROR:process_reader_win.cc(242)] ReadMemory at 0x326cb60 of 72 bytes failed: Only part of a ReadProcessMemory or WriteProcessMemory request was completed. (0x12B)
[1019/111727.377:ERROR:process_reader_win.cc(242)] ReadMemory at 0x326ccc0 of 72 bytes failed: Only part of a ReadProcessMemory or WriteProcessMemory request was completed. (0x12B)
[1019/111727.377:ERROR:process_reader_win.cc(242)] ReadMemory at 0x326ced0 of 72 bytes failed: Only part of a ReadProcessMemory or WriteProcessMemory request was completed. (0x12B)
[1019/111727.377:ERROR:process_reader_win.cc(242)] ReadMemory at 0x326d0e0 of 72 bytes failed: Only part of a ReadProcessMemory or WriteProcessMemory request was completed. (0x12B)
[1019/111727.377:ERROR:process_reader_win.cc(242)] ReadMemory at 0x326d240 of 72 bytes failed: Only part of a ReadProcessMemory or WriteProcessMemory request was completed. (0x12B)
[1019/111727.377:ERROR:process_reader_win.cc(242)] ReadMemory at 0x326d2f0 of 72 bytes failed: Only part of a ReadProcessMemory or WriteProcessMemory request was completed. (0x12B)
[1019/111727.378:ERROR:process_reader_win.cc(242)] ReadMemory at 0x326d450 of 72 bytes failed: Only part of a ReadProcessMemory or WriteProcessMemory request was completed. (0x12B)
[1019/111727.378:ERROR:process_reader_win.cc(242)] ReadMemory at 0x326d5b0 of 72 bytes failed: Only part of a ReadProcessMemory or WriteProcessMemory request was completed. (0x12B)
[1019/111727.378:ERROR:process_reader_win.cc(242)] ReadMemory at 0x326d660 of 72 bytes failed: Only part of a ReadProcessMemory or WriteProcessMemory request was completed. (0x12B)
[1019/111727.378:ERROR:process_reader_win.cc(242)] ReadMemory at 0x326d710 of 72 bytes failed: Only part of a ReadProcessMemory or WriteProcessMemory request was completed. (0x12B)
[1019/111727.378:ERROR:process_reader_win.cc(242)] ReadMemory at 0x326d870 of 72 bytes failed: Only part of a ReadProcessMemory or WriteProcessMemory request was completed. (0x12B)
[1019/111727.378:ERROR:process_reader_win.cc(242)] ReadMemory at 0x326d920 of 72 bytes failed: Only part of a ReadProcessMemory or WriteProcessMemory request was completed. (0x12B)
[1019/111727.378:ERROR:process_reader_win.cc(242)] ReadMemory at 0x326d9d0 of 72 bytes failed: Only part of a ReadProcessMemory or WriteProcessMemory request was completed. (0x12B)
[1019/111727.378:ERROR:process_reader_win.cc(242)] ReadMemory at 0x326da80 of 72 bytes failed: Only part of a ReadProcessMemory or WriteProcessMemory request was completed. (0x12B)
[1019/111727.378:ERROR:process_reader_win.cc(242)] ReadMemory at 0x326db30 of 72 bytes failed: Only part of a ReadProcessMemory or WriteProcessMemory request was completed. (0x12B)
[1019/111727.379:ERROR:process_reader_win.cc(242)] ReadMemory at 0x326dbe0 of 72 bytes failed: Only part of a ReadProcessMemory or WriteProcessMemory request was completed. (0x12B)
[1019/111727.379:ERROR:process_reader_win.cc(242)] ReadMemory at 0x326dc90 of 72 bytes failed: Only part of a ReadProcessMemory or WriteProcessMemory request was completed. (0x12B)
[1019/111727.379:ERROR:process_reader_win.cc(242)] ReadMemory at 0x326fea8 of 62 bytes failed: Only part of a ReadProcessMemory or WriteProcessMemory request was completed. (0x12B)
[1019/111727.379:ERROR:process_reader_win.cc(242)] ReadMemory at 0x327d538 of 512 bytes failed: Only part of a ReadProcessMemory or WriteProcessMemory request was completed. (0x12B)
[1019/111727.379:ERROR:process_reader_win.cc(242)] ReadMemory at 0x327eb50 of 512 bytes failed: Only part of a ReadProcessMemory or WriteProcessMemory request was completed. (0x12B)
[1019/111727.379:ERROR:process_reader_win.cc(242)] ReadMemory at 0x362ff80 of 512 bytes failed: Only part of a ReadProcessMemory or WriteProcessMemory request was completed. (0x12B)
[1019/111727.379:ERROR:process_reader_win.cc(242)] ReadMemory at 0x3694c48 of 512 bytes failed: Only part of a ReadProcessMemory or WriteProcessMemory request was completed. (0x12B)
[1019/111727.379:ERROR:process_reader_win.cc(242)] ReadMemory at 0x36a0670 of 512 bytes failed: Only part of a ReadProcessMemory or WriteProcessMemory request was completed. (0x12B)
[1019/111727.380:ERROR:process_reader_win.cc(242)] ReadMemory at 0x36b52e8 of 592 bytes failed: Only part of a ReadProcessMemory or WriteProcessMemory request was completed. (0x12B)
[1019/111727.380:ERROR:process_reader_win.cc(242)] ReadMemory at 0xa0900a8 of 512 bytes failed: Only part of a ReadProcessMemory or WriteProcessMemory request was completed. (0x12B)
[1019/111727.380:ERROR:process_reader_win.cc(242)] ReadMemory at 0x74fdca32 of 512 bytes failed: Only part of a ReadProcessMemory or WriteProcessMemory request was completed. (0x12B)
[1019/111727.380:ERROR:process_reader_win.cc(242)] ReadMemory at 0x779b8e04 of 18 bytes failed: Only part of a ReadProcessMemory or WriteProcessMemory request was completed. (0x12B)
[1019/111727.380:ERROR:process_reader_win.cc(242)] ReadMemory at 0x779eddf1 of 512 bytes failed: Only part of a ReadProcessMemory or WriteProcessMemory request was completed. (0x12B)
[1019/111727.380:ERROR:process_reader_win.cc(242)] ReadMemory at 0x77a40710 of 512 bytes failed: Only part of a ReadProcessMemory or WriteProcessMemory request was completed. (0x12B)
[1019/111727.380:ERROR:process_reader_win.cc(242)] ReadMemory at 0x77ac43f0 of 24 bytes failed: Only part of a ReadProcessMemory or WriteProcessMemory request was completed. (0x12B)
[1019/111727.380:ERROR:process_reader_win.cc(242)] ReadMemory at 0x77ac4744 of 32 bytes failed: Only part of a ReadProcessMemory or WriteProcessMemory request was completed. (0x12B)
[1019/111727.380:ERROR:process_reader_win.cc(242)] ReadMemory at 0x77ac6b00 of 36 bytes failed: Only part of a ReadProcessMemory or WriteProcessMemory request was completed. (0x12B)
[1019/111727.510:ERROR:scoped_process_suspend.cc(40)] NtResumeProcess: An attempt was made to access an exiting process. (0xc000010a)
